<?xml version="1.0" encoding="UTF-8"?>
<!-- Generated by org.testng.reporters.JUnitXMLReporter -->
<testsuite hostname="LAPTOP-SK1OSAKQ" failures="0" tests="6" name="Test" time="67.069" errors="0" timestamp="5 Dec 2023 05:09:07 GMT">
  <testcase classname="question_No_5.Question3_TestNGImplementation" name="verifyLogoButtonAndDemoButton" time="15.974"/>
  <testcase classname="question_No_5.Question4_TestNGAnswerWithPrioirty" name="verifyPrdoucts" time="6.35"/>
  <testcase classname="question_No_5.Question4_TestNGAnswerWithPrioirty" name="verifySolutions" time="5.578"/>
  <testcase classname="question_No_5.Question4_TestNGAnswerWithPrioirty" name="verifyResources" time="4.703"/>
  <testcase classname="question_No_5.Question4_TestNGAnswerWithPrioirty" name="verifyBeyonRPA" time="6.949"/>
  <testcase classname="question_No_5.Question4_TestNGAnswerWithPrioirty" name="verifyCompany" time="6.406"/>
</testsuite> <!-- Test -->
