<?xml version="1.0" encoding="UTF-8"?>
<testng-results total="6" passed="6" failed="0" skipped="0">
  <reporter-output>
  </reporter-output>
  <suite started-at="2023-12-05T05:08:00Z" name="Suite" finished-at="2023-12-05T05:09:07Z" duration-ms="67069">
    <groups>
    </groups>
    <test started-at="2023-12-05T05:08:00Z" name="Test" finished-at="2023-12-05T05:09:07Z" duration-ms="67069">
      <class name="question_No_5.Question4_TestNGAnswerWithPrioirty">
        <test-method signature="verifyPrdoucts()[pri:0, instance:question_No_5.Question4_TestNGAnswerWithPrioirty@6bbe85a8]" started-at="2023-12-05T10:38:37Z" name="verifyPrdoucts" finished-at="2023-12-05T10:38:43Z" duration-ms="6350" status="PASS">
          <reporter-output>
          </reporter-output>
        </test-method> <!-- verifyPrdoucts -->
        <test-method signature="verifySolutions()[pri:0, instance:question_No_5.Question4_TestNGAnswerWithPrioirty@6bbe85a8]" started-at="2023-12-05T10:38:43Z" name="verifySolutions" finished-at="2023-12-05T10:38:49Z" duration-ms="5578" status="PASS">
          <reporter-output>
          </reporter-output>
        </test-method> <!-- verifySolutions -->
        <test-method signature="verifyResources()[pri:0, instance:question_No_5.Question4_TestNGAnswerWithPrioirty@6bbe85a8]" started-at="2023-12-05T10:38:49Z" name="verifyResources" finished-at="2023-12-05T10:38:54Z" duration-ms="4703" status="PASS">
          <reporter-output>
          </reporter-output>
        </test-method> <!-- verifyResources -->
        <test-method signature="verifyBeyonRPA()[pri:0, instance:question_No_5.Question4_TestNGAnswerWithPrioirty@6bbe85a8]" started-at="2023-12-05T10:38:54Z" name="verifyBeyonRPA" finished-at="2023-12-05T10:39:00Z" duration-ms="6949" status="PASS">
          <reporter-output>
          </reporter-output>
        </test-method> <!-- verifyBeyonRPA -->
        <test-method signature="verifyCompany()[pri:0, instance:question_No_5.Question4_TestNGAnswerWithPrioirty@6bbe85a8]" started-at="2023-12-05T10:39:00Z" name="verifyCompany" finished-at="2023-12-05T10:39:07Z" duration-ms="6406" status="PASS">
          <reporter-output>
          </reporter-output>
        </test-method> <!-- verifyCompany -->
        <test-method is-config="true" signature="tear()[pri:0, instance:question_No_5.Question4_TestNGAnswerWithPrioirty@6bbe85a8]" started-at="2023-12-05T10:39:07Z" name="tear" finished-at="2023-12-05T10:39:07Z" duration-ms="0" status="PASS">
          <reporter-output>
          </reporter-output>
        </test-method> <!-- tear -->
      </class> <!-- question_No_5.Question4_TestNGAnswerWithPrioirty -->
      <class name="question_No_5.Question3_TestNGImplementation">
        <test-method is-config="true" signature="setup()[pri:0, instance:question_No_5.Question3_TestNGImplementation@28261e8e]" started-at="2023-12-05T10:38:00Z" name="setup" finished-at="2023-12-05T10:38:12Z" duration-ms="11944" status="PASS">
          <reporter-output>
          </reporter-output>
        </test-method> <!-- setup -->
        <test-method is-config="true" signature="setup()[pri:0, instance:question_No_5.Question4_TestNGAnswerWithPrioirty@6bbe85a8]" started-at="2023-12-05T10:38:12Z" name="setup" finished-at="2023-12-05T10:38:21Z" duration-ms="9148" status="PASS">
          <reporter-output>
          </reporter-output>
        </test-method> <!-- setup -->
        <test-method signature="verifyLogoButtonAndDemoButton()[pri:0, instance:question_No_5.Question3_TestNGImplementation@28261e8e]" started-at="2023-12-05T10:38:21Z" name="verifyLogoButtonAndDemoButton" finished-at="2023-12-05T10:38:37Z" duration-ms="15974" status="PASS">
          <reporter-output>
          </reporter-output>
        </test-method> <!-- verifyLogoButtonAndDemoButton -->
      </class> <!-- question_No_5.Question3_TestNGImplementation -->
    </test> <!-- Test -->
  </suite> <!-- Suite -->
</testng-results>
